1000  012700    ; MOV #1200,R0
1002  001200

1004  012705    ; MOV #1200,R5
1006  001200

1010  012704    ; MOV #0200,R4
1012  000200

1014  022700    ; CMP #160000,R0
1016  160000

1020  001420    ; BEQ DONE

1022  012714    ; MOV #125252,(R4)
1024  125252

1026  012710    ; MOV #052525,(R0)
1030  052525

1032  022714    ; CMP #125252,(R4)
1034  125252

1036  001011    ; BNE DONE

1040  022710    ; CMP #052525,(R0)
1042  052525

1044  001006    ; BNE DONE

1046  010005    ; MOV R0,R5
1050  062705    ; ADD #2,R5
1052  000002

1054  062700    ; ADD #2,R0
1056  000002

1060  000755    ; BR LOOP

1062  000000    ; HALT
